03-05-2019 16:40:19.273 [restartedMain] INFO  t.p.PlaylistGeneratorApplication - Starting PlaylistGeneratorApplication on DESKTOP-JCCDGG7 with PID 16996 (C:\Users\Predator\Projects\FinalProject\playlistgenerator\playlist_generator\out\production\classes started by Predator in C:\Users\Predator\Projects\FinalProject\playlistgenerator\playlist_generator)
03-05-2019 16:40:19.276 [restartedMain] INFO  t.p.PlaylistGeneratorApplication - No active profile set, falling back to default profiles: default
03-05-2019 16:40:19.323 [restartedMain] INFO  o.s.b.d.e.DevToolsPropertyDefaultsPostProcessor - Devtools property defaults active! Set 'spring.devtools.add-properties' to 'false' to disable
03-05-2019 16:40:19.324 [restartedMain] INFO  o.s.b.d.e.DevToolsPropertyDefaultsPostProcessor - For additional web related logging consider setting the 'logging.level.web' property to 'DEBUG'
03-05-2019 16:40:19.993 [restartedMain] INFO  o.s.d.r.c.RepositoryConfigurationDelegate - Bootstrapping Spring Data repositories in DEFAULT mode.
03-05-2019 16:40:20.087 [restartedMain] INFO  o.s.d.r.c.RepositoryConfigurationDelegate - Finished Spring Data repository scanning in 87ms. Found 10 repository interfaces.
03-05-2019 16:40:20.423 [restartedMain] INFO  o.s.c.s.PostProcessorRegistrationDelegate$BeanPostProcessorChecker - Bean 'org.springframework.transaction.annotation.ProxyTransactionManagementConfiguration' of type [org.springframework.transaction.annotation.ProxyTransactionManagementConfiguration$$EnhancerBySpringCGLIB$$5f8c53b] is not eligible for getting processed by all BeanPostProcessors (for example: not eligible for auto-proxying)
03-05-2019 16:40:20.448 [restartedMain] INFO  o.s.c.s.PostProcessorRegistrationDelegate$BeanPostProcessorChecker - Bean 'org.springframework.security.config.annotation.configuration.ObjectPostProcessorConfiguration' of type [org.springframework.security.config.annotation.configuration.ObjectPostProcessorConfiguration$$EnhancerBySpringCGLIB$$9ea68d75] is not eligible for getting processed by all BeanPostProcessors (for example: not eligible for auto-proxying)
03-05-2019 16:40:20.452 [restartedMain] INFO  o.s.c.s.PostProcessorRegistrationDelegate$BeanPostProcessorChecker - Bean 'objectPostProcessor' of type [org.springframework.security.config.annotation.configuration.AutowireBeanFactoryObjectPostProcessor] is not eligible for getting processed by all BeanPostProcessors (for example: not eligible for auto-proxying)
03-05-2019 16:40:20.453 [restartedMain] INFO  o.s.c.s.PostProcessorRegistrationDelegate$BeanPostProcessorChecker - Bean 'org.springframework.security.access.expression.method.DefaultMethodSecurityExpressionHandler@4742b1c5' of type [org.springframework.security.access.expression.method.DefaultMethodSecurityExpressionHandler] is not eligible for getting processed by all BeanPostProcessors (for example: not eligible for auto-proxying)
03-05-2019 16:40:20.455 [restartedMain] INFO  o.s.c.s.PostProcessorRegistrationDelegate$BeanPostProcessorChecker - Bean 'org.springframework.security.config.annotation.method.configuration.GlobalMethodSecurityConfiguration' of type [org.springframework.security.config.annotation.method.configuration.GlobalMethodSecurityConfiguration$$EnhancerBySpringCGLIB$$c37b3027] is not eligible for getting processed by all BeanPostProcessors (for example: not eligible for auto-proxying)
03-05-2019 16:40:20.456 [restartedMain] INFO  o.s.c.s.PostProcessorRegistrationDelegate$BeanPostProcessorChecker - Bean 'methodSecurityMetadataSource' of type [org.springframework.security.access.method.DelegatingMethodSecurityMetadataSource] is not eligible for getting processed by all BeanPostProcessors (for example: not eligible for auto-proxying)
03-05-2019 16:40:20.820 [restartedMain] INFO  o.s.b.w.e.tomcat.TomcatWebServer - Tomcat initialized with port(s): 8080 (http)
03-05-2019 16:40:20.833 [restartedMain] INFO  o.a.coyote.http11.Http11NioProtocol - Initializing ProtocolHandler ["http-nio-8080"]
03-05-2019 16:40:20.839 [restartedMain] INFO  o.a.catalina.core.StandardService - Starting service [Tomcat]
03-05-2019 16:40:20.839 [restartedMain] INFO  o.a.catalina.core.StandardEngine - Starting Servlet engine: [Apache Tomcat/9.0.17]
03-05-2019 16:40:20.942 [restartedMain] INFO  o.a.c.c.C.[Tomcat].[localhost].[/] - Initializing Spring embedded WebApplicationContext
03-05-2019 16:40:20.942 [restartedMain] INFO  o.s.web.context.ContextLoader - Root WebApplicationContext: initialization completed in 1618 ms
03-05-2019 16:40:21.043 [MLog-Init-Reporter] INFO  com.mchange.v2.log.MLog - MLog clients using slf4j logging.
03-05-2019 16:40:21.074 [restartedMain] INFO  com.mchange.v2.c3p0.C3P0Registry - Initializing c3p0-0.9.5.4 [built 23-March-2019 23:00:48 -0700; debug? true; trace: 10]
03-05-2019 16:40:21.282 [restartedMain] INFO  c.m.v.c.i.AbstractPoolBackedDataSource - Initializing c3p0 pool... com.mchange.v2.c3p0.ComboPooledDataSource [ acquireIncrement -> 3, acquireRetryAttempts -> 30, acquireRetryDelay -> 1000, autoCommitOnClose -> false, automaticTestTable -> null, breakAfterAcquireFailure -> false, checkoutTimeout -> 0, connectionCustomizerClassName -> null, connectionTesterClassName -> com.mchange.v2.c3p0.impl.DefaultConnectionTester, contextClassLoaderSource -> caller, dataSourceName -> 2tk05ha2yxtmtj17er9ji|42c488f3, debugUnreturnedConnectionStackTraces -> false, description -> null, driverClass -> null, extensions -> {}, factoryClassLocation -> null, forceIgnoreUnresolvedTransactions -> false, forceSynchronousCheckins -> false, forceUseNamedDriverClass -> false, identityToken -> 2tk05ha2yxtmtj17er9ji|42c488f3, idleConnectionTestPeriod -> 0, initialPoolSize -> 5, jdbcUrl -> jdbc:mysql://localhost:3306/playlist_generator_db?serverTimezone=UTC, maxAdministrativeTaskTime -> 0, maxConnectionAge -> 0, maxIdleTime -> 3000, maxIdleTimeExcessConnections -> 0, maxPoolSize -> 20, maxStatements -> 0, maxStatementsPerConnection -> 0, minPoolSize -> 5, numHelperThreads -> 3, preferredTestQuery -> null, privilegeSpawnedThreads -> false, properties -> {user=******, password=******}, propertyCycle -> 0, statementCacheNumDeferredCloseThreads -> 0, testConnectionOnCheckin -> false, testConnectionOnCheckout -> false, unreturnedConnectionTimeout -> 0, userOverrides -> {}, usesTraditionalReflectiveProxies -> false ]
03-05-2019 16:40:21.455 [restartedMain] INFO  o.h.jpa.internal.util.LogHelper - HHH000204: Processing PersistenceUnitInfo [
	name: default
	...]
03-05-2019 16:40:21.544 [restartedMain] INFO  org.hibernate.Version - HHH000412: Hibernate Core {5.3.9.Final}
03-05-2019 16:40:21.546 [restartedMain] INFO  org.hibernate.cfg.Environment - HHH000206: hibernate.properties not found
03-05-2019 16:40:21.711 [restartedMain] INFO  o.h.annotations.common.Version - HCANN000001: Hibernate Commons Annotations {5.1.0.Final}
03-05-2019 16:40:21.873 [restartedMain] INFO  org.hibernate.dialect.Dialect - HHH000400: Using dialect: org.hibernate.dialect.MySQL5Dialect
03-05-2019 16:40:22.587 [restartedMain] INFO  o.s.o.j.LocalContainerEntityManagerFactoryBean - Initialized JPA EntityManagerFactory for persistence unit 'default'
03-05-2019 16:40:23.261 [restartedMain] INFO  o.s.s.p.JdbcUserDetailsManager - No authentication manager set. Reauthentication of users when changing passwords will not be performed.
03-05-2019 16:40:23.385 [restartedMain] INFO  o.s.s.web.DefaultSecurityFilterChain - Creating filter chain: any request, [org.springframework.security.web.context.request.async.WebAsyncManagerIntegrationFilter@7867eb18, org.springframework.security.web.context.SecurityContextPersistenceFilter@557d77a4, org.springframework.security.web.header.HeaderWriterFilter@3f2f4e08, org.springframework.web.filter.CorsFilter@552304c9, org.springframework.security.web.authentication.logout.LogoutFilter@714d0d05, track_ninja.playlist_generator.security.models.JwtAuthenticationFilter@4db4543a, org.springframework.security.web.authentication.UsernamePasswordAuthenticationFilter@79a1313e, org.springframework.security.web.authentication.ui.DefaultLoginPageGeneratingFilter@7d7e9aaf, org.springframework.security.web.authentication.ui.DefaultLogoutPageGeneratingFilter@1edbc1fb, org.springframework.security.web.authentication.www.BasicAuthenticationFilter@1adc8a20, org.springframework.security.web.savedrequest.RequestCacheAwareFilter@374ff7ee, org.springframework.security.web.servletapi.SecurityContextHolderAwareRequestFilter@4d537135, org.springframework.security.web.authentication.AnonymousAuthenticationFilter@5ac5186f, org.springframework.security.web.session.SessionManagementFilter@19c464e4, org.springframework.security.web.access.ExceptionTranslationFilter@3908376, org.springframework.security.web.access.intercept.FilterSecurityInterceptor@3541d1f6]
03-05-2019 16:40:23.455 [restartedMain] INFO  o.s.s.c.ThreadPoolTaskExecutor - Initializing ExecutorService 'applicationTaskExecutor'
03-05-2019 16:40:23.492 [restartedMain] WARN  o.s.b.a.o.j.JpaBaseConfiguration$JpaWebConfiguration$JpaWebMvcConfiguration - spring.jpa.open-in-view is enabled by default. Therefore, database queries may be performed during view rendering. Explicitly configure spring.jpa.open-in-view to disable this warning
03-05-2019 16:40:23.656 [restartedMain] INFO  o.s.b.d.a.OptionalLiveReloadServer - LiveReload server is running on port 35729
03-05-2019 16:40:23.678 [restartedMain] INFO  o.a.coyote.http11.Http11NioProtocol - Starting ProtocolHandler ["http-nio-8080"]
03-05-2019 16:40:23.693 [restartedMain] INFO  o.s.b.w.e.tomcat.TomcatWebServer - Tomcat started on port(s): 8080 (http) with context path ''
03-05-2019 16:40:23.696 [restartedMain] INFO  t.p.PlaylistGeneratorApplication - Started PlaylistGeneratorApplication in 4.806 seconds (JVM running for 5.592)
03-05-2019 16:40:41.298 [http-nio-8080-exec-1] INFO  o.a.c.c.C.[Tomcat].[localhost].[/] - Initializing Spring DispatcherServlet 'dispatcherServlet'
03-05-2019 16:40:41.298 [http-nio-8080-exec-1] INFO  o.s.web.servlet.DispatcherServlet - Initializing Servlet 'dispatcherServlet'
03-05-2019 16:40:41.307 [http-nio-8080-exec-1] INFO  o.s.web.servlet.DispatcherServlet - Completed initialization in 9 ms
03-05-2019 16:40:41.344 [http-nio-8080-exec-3] WARN  t.p.s.models.JwtAuthenticationFilter - Couldn't find bearer string, will ignore the header.
03-05-2019 16:40:41.386 [http-nio-8080-exec-3] INFO  t.p.services.PlaylistService - Looking for playlist with id 2...
03-05-2019 16:40:41.407 [http-nio-8080-exec-3] INFO  o.h.h.i.QueryTranslatorFactoryInitiator - HHH000397: Using ASTQueryTranslatorFactory
03-05-2019 16:40:41.690 [http-nio-8080-exec-3] INFO  t.p.services.PlaylistService - Playlist found!
03-05-2019 16:41:23.994 [http-nio-8080-exec-8] WARN  t.p.s.models.JwtAuthenticationFilter - Couldn't find bearer string, will ignore the header.
03-05-2019 16:41:24.206 [http-nio-8080-exec-8] INFO  t.p.services.UserService - Logging user stoyan in...
03-05-2019 16:41:24.491 [http-nio-8080-exec-8] INFO  t.p.services.UserService - Login successful!
03-05-2019 16:41:24.552 [http-nio-8080-exec-7] INFO  t.p.s.models.JwtAuthenticationFilter - Authenticated user stoyan, setting security context
03-05-2019 16:41:24.552 [http-nio-8080-exec-7] INFO  t.p.services.PlaylistService - Retrieving all playlists...
03-05-2019 16:41:24.648 [http-nio-8080-exec-7] INFO  t.p.services.PlaylistService - Retrieved playlists!
03-05-2019 16:41:24.669 [http-nio-8080-exec-9] INFO  t.p.s.models.JwtAuthenticationFilter - Authenticated user stoyan, setting security context
03-05-2019 16:41:24.670 [http-nio-8080-exec-9] INFO  t.p.services.PlaylistService - Retrieving all playlists...
03-05-2019 16:41:24.738 [http-nio-8080-exec-9] INFO  t.p.services.PlaylistService - Retrieved playlists!
03-05-2019 16:41:26.588 [http-nio-8080-exec-1] INFO  t.p.s.models.JwtAuthenticationFilter - Authenticated user stoyan, setting security context
03-05-2019 16:41:26.589 [http-nio-8080-exec-1] INFO  t.p.services.PlaylistService - Looking for playlist with id 2...
03-05-2019 16:41:26.656 [http-nio-8080-exec-1] INFO  t.p.services.PlaylistService - Playlist found!
03-05-2019 16:41:32.890 [http-nio-8080-exec-2] INFO  t.p.s.models.JwtAuthenticationFilter - Authenticated user stoyan, setting security context
03-05-2019 17:10:22.960 [http-nio-8080-exec-7] INFO  t.p.s.models.JwtAuthenticationFilter - Authenticated user stoyan, setting security context
03-05-2019 17:10:22.961 [http-nio-8080-exec-7] INFO  t.p.services.PlaylistService - Retrieving all playlists...
03-05-2019 17:10:23.017 [http-nio-8080-exec-7] INFO  t.p.services.PlaylistService - Retrieved playlists!
03-05-2019 17:10:23.034 [http-nio-8080-exec-9] INFO  t.p.s.models.JwtAuthenticationFilter - Authenticated user stoyan, setting security context
03-05-2019 17:10:23.035 [http-nio-8080-exec-9] INFO  t.p.services.PlaylistService - Retrieving all playlists...
03-05-2019 17:10:23.102 [http-nio-8080-exec-9] INFO  t.p.services.PlaylistService - Retrieved playlists!
03-05-2019 17:10:29.452 [http-nio-8080-exec-1] WARN  t.p.s.models.JwtAuthenticationFilter - Couldn't find bearer string, will ignore the header.
03-05-2019 17:10:29.453 [http-nio-8080-exec-1] INFO  t.p.services.PlaylistService - Retrieving all playlists...
03-05-2019 17:10:29.508 [http-nio-8080-exec-1] INFO  t.p.services.PlaylistService - Retrieved playlists!
03-05-2019 17:10:29.519 [http-nio-8080-exec-5] WARN  t.p.s.models.JwtAuthenticationFilter - Couldn't find bearer string, will ignore the header.
03-05-2019 17:10:29.520 [http-nio-8080-exec-5] INFO  t.p.services.PlaylistService - Retrieving all playlists...
03-05-2019 17:10:29.572 [http-nio-8080-exec-5] INFO  t.p.services.PlaylistService - Retrieved playlists!
03-05-2019 17:11:03.136 [http-nio-8080-exec-8] WARN  t.p.s.models.JwtAuthenticationFilter - Couldn't find bearer string, will ignore the header.
03-05-2019 17:11:03.201 [http-nio-8080-exec-8] INFO  t.p.services.UserService - Registering user vankata...
03-05-2019 17:11:03.293 [http-nio-8080-exec-8] INFO  t.p.services.UserService - Registration successful!
03-05-2019 17:11:14.622 [http-nio-8080-exec-7] WARN  t.p.s.models.JwtAuthenticationFilter - Couldn't find bearer string, will ignore the header.
03-05-2019 17:11:14.704 [http-nio-8080-exec-7] INFO  t.p.services.UserService - Logging user stoyan in...
03-05-2019 17:11:14.706 [http-nio-8080-exec-7] INFO  t.p.services.UserService - Login successful!
03-05-2019 17:11:14.726 [http-nio-8080-exec-9] INFO  t.p.s.models.JwtAuthenticationFilter - Authenticated user stoyan, setting security context
03-05-2019 17:11:14.727 [http-nio-8080-exec-9] INFO  t.p.services.PlaylistService - Retrieving all playlists...
03-05-2019 17:11:14.771 [http-nio-8080-exec-9] INFO  t.p.services.PlaylistService - Retrieved playlists!
03-05-2019 17:11:14.788 [http-nio-8080-exec-1] INFO  t.p.s.models.JwtAuthenticationFilter - Authenticated user stoyan, setting security context
03-05-2019 17:11:14.788 [http-nio-8080-exec-1] INFO  t.p.services.PlaylistService - Retrieving all playlists...
03-05-2019 17:11:14.839 [http-nio-8080-exec-1] INFO  t.p.services.PlaylistService - Retrieved playlists!
03-05-2019 17:11:51.582 [http-nio-8080-exec-5] INFO  t.p.s.models.JwtAuthenticationFilter - Authenticated user stoyan, setting security context
